0 0.557033
6.9 0.147089
13.8 0.0388261
20.7 0.0102451
27.6 0.00270242
6.9 0.120307
13.8 0.0259721
20.7 0.00560445
27.6 0.00120884
15.2 0.0635305
23.5 0.0205694
31.8 0.00591677
40.1 0.00159475
22.1 0.0251547
30.4 0.0108592
38.7 0.00390453
29 0.00885011
37.3 0.0047757
35.9 0.00291808
13.8 0.0635379
20.7 0.0205758
27.6 0.00592022
20.7 0.0251585
27.6 0.0108633
34.5 0.00390723
27.6 0.00885177
34.5 0.00477787
41.4 0.00206223
15.2 0.00128807
23.5 0.00414717
23.5 0.0117236
31.8 0.00572138
31.8 0.00862261
40.1 0.00177937
22.1 0.0117255
22.1 0.00414826
30.4 0.00696079
38.7 0.00258422
47 0.00114175
29 0.00862603
29 0.00572415
37.3 0.00258485
35.9 0.00178059
44.2 0.00114236
15.2 0.0635307
23.5 0.0251508
31.8 0.00884668
40.1 0.00291603
22.1 0.0205728
30.4 0.0108592
38.7 0.00477461
29 0.00591913
37.3 0.00390548
35.9 0.00159589
16.6 0.0635229
24.9 0.0251466
33.2 0.00884483
24.9 0.0205661
33.2 0.0108548
41.5 0.00477224
33.2 0.00591555
41.5 0.00390262
49.8 0.00205883
437 0.0371154
858.8 0.0108859
1280.6 0.00213717
445.3 0.0120169
867.1 0.00352452
453.6 0.00345661
875.4 0.00101382
443.9 0.0146957
865.7 0.00431023
452.2 0.00634403
874 0.0018607
460.5 0.00228105
450.8 0.00517035
872.6 0.00151646
459.1 0.00279001
445.3 0.00242333
445.3 0.00684871
867.1 0.00200872
453.6 0.00334295
453.6 0.00503725
875.4 0.00147742
443.9 0.00684984
443.9 0.00242371
865.7 0.00200905
452.2 0.00406678
874 0.00119278
460.5 0.00150977
450.8 0.00503929
450.8 0.00334427
872.6 0.00147802
459.1 0.00151012
446.3 0.00203972
868.1 0.00116135
444.9 0.00204007
866.7 0.00116156
453.2 0.0012112
16.2 0.00326186
438 0.011055
859.8 0.00629436
439 0.00219461
24.5 0.0010561
446.3 0.00357926
868.1 0.00203791
23.1 0.00129153
444.9 0.00437717
866.7 0.00249222
14.8 0.0032618
436.6 0.011055
858.4 0.00629435
1280.2 0.00185298
437.6 0.0021946
859.4 0.00235477
21.7 0.00105628
443.5 0.00357996
865.3 0.00203831
21.7 0.00129156
443.5 0.00437737
865.3 0.00249233
450.4 0.00189011
872.2 0.00107617
437 0.0371157
858.8 0.0108859
1280.6 0.00213715
445.3 0.0146935
867.1 0.00430956
453.6 0.00516836
875.4 0.00151587
443.9 0.0120189
865.7 0.00352512
452.2 0.00634414
874 0.00186072
460.5 0.00278939
450.8 0.00345805
872.6 0.00101423
459.1 0.00228164
16.2 0.0032616
438 0.0110543
859.8 0.00629392
439 0.00219447
24.5 0.00129121
446.3 0.00437618
868.1 0.00249165
23.1 0.0010562
444.9 0.00357964
866.7 0.00203812
17.6 0.00326133
439.4 0.0110532
861.2 0.00629331
1283 0.00185269
440.4 0.00219424
862.2 0.00235438
25.9 0.00129103
447.7 0.00437551
869.5 0.00249127
25.9 0.0010559
447.7 0.00357857
869.5 0.00203751
456 0.00188873
877.8 0.00107538
428.7 0.0859317
850.5 0.0252036
1272.3 0.00494806
435.6 0.0226829
857.4 0.00665286
1279.2 0.00130612
442.5 0.00598534
864.3 0.0017555
449.4 0.0015788
435.6 0.0371199
857.4 0.0108872
1279.2 0.00213741
442.5 0.0120207
442.5 0.014698
864.3 0.00352565
864.3 0.0043109
449.4 0.00345869
449.4 0.00634654
449.4 0.00517135
871.2 0.00101442
871.2 0.00186143
871.2 0.00151675
456.3 0.00228267
456.3 0.00279131
7.9 0.00755124
429.7 0.0255929
851.5 0.0145718
430.7 0.00508059
1273.3 0.00428978
852.5 0.00545142
1274.3 0.00229683
853.5 0.00163734
14.8 0.00199325
436.6 0.00675557
858.4 0.00384642
437.6 0.00134108
1280.2 0.00113235
859.4 0.00143897
443.5 0.00178259
865.3 0.00101495
428.7 0.0702852
850.5 0.0206145
1272.3 0.00404707
435.6 0.0151733
857.4 0.00445029
442.5 0.00327422
7.9 0.00617589
429.7 0.0209315
851.5 0.0119177
430.7 0.00415528
1273.3 0.00350841
852.5 0.00445855
1274.3 0.0018785
853.5 0.00133915
14.8 0.00133327
436.6 0.00451876
858.4 0.00257282
8.3 0.120297
16.6 0.0259659
24.9 0.00560178
33.2 0.00120788
8.3 0.147077
16.6 0.038817
24.9 0.0102403
33.2 0.00270031
430.1 0.0702791
851.9 0.0206127
1273.7 0.00404676
438.4 0.0151695
860.2 0.00444918
446.7 0.00327259
438.4 0.0371109
860.2 0.0108845
1282 0.0021369
446.7 0.014691
446.7 0.0120149
868.5 0.00430883
868.5 0.00352394
455 0.00516725
455 0.00634145
455 0.00345589
876.8 0.00151554
876.8 0.00185993
876.8 0.0010136
463.3 0.00278798
463.3 0.00227993
9.3 0.00617645
431.1 0.0209331
852.9 0.0119186
432.1 0.00415559
1274.7 0.0035087
853.9 0.00445888
1275.7 0.00187865
854.9 0.00133925
17.6 0.00133318
439.4 0.00451831
861.2 0.00257257
430.1 0.0859249
851.9 0.0252016
1273.7 0.00494765
438.4 0.0226775
860.2 0.00665126
1282 0.0013058
446.7 0.00598252
868.5 0.00175466
455 0.00157756
9.3 0.00755076
431.1 0.0255912
852.9 0.0145708
432.1 0.00508029
1274.7 0.00428946
853.9 0.00545108
1275.7 0.00229668
854.9 0.00163726
17.6 0.00199281
439.4 0.00675405
861.2 0.00384554
440.4 0.00134079
1283 0.00113208
862.2 0.00143865
447.7 0.00178177
869.5 0.00101448
421.8 0.325428
843.6 0.0954474
1265.4 0.0187385
1687.2 0.00277018
1 0.0285972
422.8 0.0969227
844.6 0.0551846
423.8 0.0192408
3 0.00111361
1266.4 0.0162457
845.6 0.0206452
424.8 0.00278164
1688.2 0.00321107
1267.4 0.00869833
846.6 0.00620087
1689.2 0.00221999
1268.4 0.0036757
847.6 0.0015974
1690.2 0.00118602
1269.4 0.00133813
