-300.000  1.273240e-04
-299.000  1.273240e-04
-298.000  1.273240e-04
-297.000  1.273240e-04
-296.000  1.273240e-04
-295.000  1.273240e-04
-294.000  1.273240e-04
-293.000  1.273240e-04
-292.000  1.273240e-04
-291.000  1.273240e-04
-290.000  1.273240e-04
-289.000  1.273240e-04
-288.000  1.273240e-04
-287.000  1.273240e-04
-286.000  1.273240e-04
-285.000  1.273240e-04
-284.000  1.273240e-04
-283.000  1.273240e-04
-282.000  1.273240e-04
-281.000  1.273240e-04
-280.000  1.273240e-04
-279.000  1.273240e-04
-278.000  1.273240e-04
-277.000  1.273240e-04
-276.000  1.273240e-04
-275.000  1.273240e-04
-274.000  1.273240e-04
-273.000  1.273240e-04
-272.000  1.273240e-04
-271.000  1.273240e-04
-270.000  1.273240e-04
-269.000  1.273240e-04
-268.000  1.273240e-04
-267.000  1.273240e-04
-266.000  1.273240e-04
-265.000  1.273240e-04
-264.000  1.273240e-04
-263.000  1.273240e-04
-262.000  1.273240e-04
-261.000  1.273240e-04
-260.000  1.273240e-04
-259.000  1.273240e-04
-258.000  1.273240e-04
-257.000  1.273240e-04
-256.000  1.273240e-04
-255.000  1.273240e-04
-254.000  1.273240e-04
-253.000  1.273240e-04
-252.000  1.273240e-04
-251.000  1.273240e-04
-250.000  1.273240e-04
-249.000  1.273240e-04
-248.000  1.273240e-04
-247.000  1.273240e-04
-246.000  1.273240e-04
-245.000  1.273240e-04
-244.000  1.273240e-04
-243.000  1.273240e-04
-242.000  1.273240e-04
-241.000  1.273240e-04
-240.000  1.273240e-04
-239.000  1.273240e-04
-238.000  1.273240e-04
-237.000  1.273240e-04
-236.000  1.273240e-04
-235.000  1.273240e-04
-234.000  1.273240e-04
-233.000  1.273240e-04
-232.000  1.273240e-04
-231.000  1.273240e-04
-230.000  1.273240e-04
-229.000  1.273240e-04
-228.000  1.273240e-04
-227.000  1.273240e-04
-226.000  1.273240e-04
-225.000  1.273240e-04
-224.000  1.273240e-04
-223.000  1.273240e-04
-222.000  1.273240e-04
-221.000  1.273240e-04
-220.000  1.273240e-04
-219.000  1.273240e-04
-218.000  1.273240e-04
-217.000  1.273240e-04
-216.000  1.273240e-04
-215.000  1.273240e-04
-214.000  1.273240e-04
-213.000  1.273240e-04
-212.000  1.273240e-04
-211.000  1.273240e-04
-210.000  1.273240e-04
-209.000  1.273240e-04
-208.000  1.273240e-04
-207.000  1.273240e-04
-206.000  1.273240e-04
-205.000  1.273240e-04
-204.000  1.273240e-04
-203.000  1.273240e-04
-202.000  1.273240e-04
-201.000  1.273240e-04
-200.000  1.273240e-04
-199.000  1.273240e-04
-198.000  1.273240e-04
-197.000  1.273240e-04
-196.000  1.273240e-04
-195.000  1.273240e-04
-194.000  1.273240e-04
-193.000  1.273240e-04
-192.000  1.273240e-04
-191.000  1.273240e-04
-190.000  1.273240e-04
-189.000  1.273240e-04
-188.000  1.273240e-04
-187.000  1.273240e-04
-186.000  1.273240e-04
-185.000  1.273240e-04
-184.000  1.273240e-04
-183.000  1.273240e-04
-182.000  1.273240e-04
-181.000  1.273240e-04
-180.000  1.273240e-04
-179.000  1.273240e-04
-178.000  1.273240e-04
-177.000  1.273240e-04
-176.000  1.273240e-04
-175.000  1.273240e-04
-174.000  1.273240e-04
-173.000  1.273240e-04
-172.000  1.273240e-04
-171.000  1.273240e-04
-170.000  1.273240e-04
-169.000  1.273240e-04
-168.000  1.273240e-04
-167.000  1.273240e-04
-166.000  1.273240e-04
-165.000  1.273240e-04
-164.000  1.273240e-04
-163.000  1.273240e-04
-162.000  1.273240e-04
-161.000  1.273240e-04
-160.000  1.273240e-04
-159.000  1.273240e-04
-158.000  1.273240e-04
-157.000  1.273240e-04
-156.000  1.273240e-04
-155.000  1.273240e-04
-154.000  1.273240e-04
-153.000  1.273240e-04
-152.000  1.273240e-04
-151.000  1.273240e-04
-150.000  1.273240e-04
-149.000  1.273240e-04
-148.000  1.273240e-04
-147.000  1.273240e-04
-146.000  1.273240e-04
-145.000  1.273240e-04
-144.000  1.273240e-04
-143.000  1.273240e-04
-142.000  1.273240e-04
-141.000  1.273240e-04
-140.000  1.273240e-04
-139.000  1.273240e-04
-138.000  1.273240e-04
-137.000  1.273240e-04
-136.000  1.273240e-04
-135.000  1.273240e-04
-134.000  1.273240e-04
-133.000  1.273240e-04
-132.000  1.273240e-04
-131.000  1.273240e-04
-130.000  1.273240e-04
-129.000  1.273240e-04
-128.000  1.273240e-04
-127.000  1.273240e-04
-126.000  1.273240e-04
-125.000  1.273240e-04
-124.000  1.273240e-04
-123.000  1.273240e-04
-122.000  1.273240e-04
-121.000  1.273240e-04
-120.000  1.273240e-04
-119.000  1.273240e-04
-118.000  1.273240e-04
-117.000  1.273240e-04
-116.000  1.273240e-04
-115.000  1.273240e-04
-114.000  1.273240e-04
-113.000  1.273240e-04
-112.000  1.273240e-04
-111.000  1.273240e-04
-110.000  1.273240e-04
-109.000  1.273240e-04
-108.000  1.273240e-04
-107.000  1.273240e-04
-106.000  1.273240e-04
-105.000  1.273240e-04
-104.000  1.285352e-04
-103.000  1.307865e-04
-102.000  1.331014e-04
-101.000  1.354829e-04
-100.000  1.379344e-04
-99.000  1.404597e-04
-98.000  1.430635e-04
-97.000  1.457515e-04
-96.000  1.485309e-04
-95.000  1.514120e-04
-94.000  1.544096e-04
-93.000  1.575466e-04
-92.000  1.608605e-04
-91.000  1.644099e-04
-90.000  1.682605e-04
-89.000  1.723552e-04
-88.000  1.762806e-04
-87.000  1.797130e-04
-86.000  1.830083e-04
-85.000  1.866015e-04
-84.000  1.906857e-04
-83.000  1.953375e-04
-82.000  2.005005e-04
-81.000  2.057497e-04
-80.000  2.105062e-04
-79.000  2.146107e-04
-78.000  2.185704e-04
-77.000  2.229852e-04
-76.000  2.280983e-04
-75.000  2.338405e-04
-74.000  2.398470e-04
-73.000  2.457900e-04
-72.000  2.515497e-04
-71.000  2.571031e-04
-70.000  2.627603e-04
-69.000  2.689602e-04
-68.000  2.757904e-04
-67.000  2.830715e-04
-66.000  2.906179e-04
-65.000  2.983417e-04
-64.000  3.062164e-04
-63.000  3.142487e-04
-62.000  3.225584e-04
-61.000  3.313503e-04
-60.000  3.406836e-04
-59.000  3.505542e-04
-58.000  3.609784e-04
-57.000  3.719720e-04
-56.000  3.835455e-04
-55.000  3.956875e-04
-54.000  4.083960e-04
-53.000  4.217420e-04
-52.000  4.358026e-04
-51.000  4.506293e-04
-50.000  4.662700e-04
-49.000  4.827792e-04
-48.000  5.002188e-04
-47.000  5.186582e-04
-46.000  5.381748e-04
-45.000  5.588546e-04
-44.000  5.807927e-04
-43.000  6.040946e-04
-42.000  6.288778e-04
-41.000  6.552728e-04
-40.000  6.834252e-04
-39.000  7.134980e-04
-38.000  7.456739e-04
-37.000  7.801581e-04
-36.000  8.171824e-04
-35.000  8.570089e-04
-34.000  8.999351e-04
-33.000  9.463000e-04
-32.000  9.964913e-04
-31.000  1.050954e-03
-30.000  1.110202e-03
-29.000  1.174830e-03
-28.000  1.245530e-03
-27.000  1.323113e-03
-26.000  1.408533e-03
-25.000  1.502918e-03
-24.000  1.607615e-03
-23.000  1.724237e-03
-22.000  1.854738e-03
-21.000  2.001497e-03
-20.000  2.167442e-03
-19.000  2.356210e-03
-18.000  2.572366e-03
-17.000  2.821711e-03
-16.000  3.111709e-03
-15.000  3.452107e-03
-14.000  3.855837e-03
-13.000  4.340366e-03
-12.000  4.929768e-03
-11.000  5.657975e-03
-10.000  6.574048e-03
-9.000  7.750974e-03
-8.000  9.300854e-03
-7.000  1.140201e-02
-6.000  1.434866e-02
-5.000  1.864295e-02
-4.000  2.515614e-02
-3.000  3.533178e-02
-2.000  5.092480e-02
-1.000  7.078843e-02
0.000  8.316580e-02
1.000  7.622285e-02
2.000  6.119692e-02
3.000  5.112057e-02
4.000  4.894722e-02
5.000  5.452209e-02
6.000  6.638099e-02
7.000  7.766046e-02
8.000  7.913181e-02
9.000  6.934106e-02
10.000  5.598890e-02
11.000  4.731223e-02
12.000  4.542329e-02
13.000  4.910978e-02
14.000  5.435318e-02
15.000  5.669543e-02
16.000  5.453268e-02
17.000  4.814875e-02
18.000  4.036679e-02
19.000  3.543508e-02
20.000  3.444759e-02
21.000  3.536298e-02
22.000  3.591301e-02
23.000  3.533143e-02
24.000  3.345340e-02
25.000  3.024167e-02
26.000  2.646428e-02
27.000  2.380307e-02
28.000  2.243538e-02
29.000  2.151853e-02
30.000  2.063421e-02
31.000  1.963609e-02
32.000  1.838561e-02
33.000  1.672579e-02
34.000  1.465685e-02
35.000  1.262994e-02
36.000  1.112583e-02
37.000  1.014267e-02
38.000  9.361580e-03
39.000  8.551565e-03
40.000  7.697936e-03
41.000  6.835881e-03
42.000  5.846395e-03
43.000  4.812399e-03
44.000  3.982207e-03
45.000  3.380685e-03
46.000  2.952668e-03
47.000  2.643033e-03
48.000  2.400557e-03
49.000  2.208422e-03
50.000  2.021449e-03
51.000  1.805827e-03
52.000  1.603468e-03
53.000  1.440756e-03
54.000  1.312556e-03
55.000  1.208774e-03
56.000  1.122109e-03
57.000  1.047909e-03
58.000  9.831820e-04
59.000  9.259230e-04
60.000  8.747249e-04
61.000  8.285589e-04
62.000  7.866463e-04
63.000  7.483807e-04
64.000  7.132784e-04
65.000  6.809463e-04
66.000  6.510594e-04
67.000  6.233459e-04
68.000  5.975755e-04
69.000  5.735512e-04
70.000  5.511033e-04
71.000  5.300843e-04
72.000  5.103651e-04
73.000  4.918325e-04
74.000  4.743862e-04
75.000  4.579372e-04
76.000  4.424062e-04
77.000  4.277221e-04
78.000  4.138210e-04
79.000  4.006456e-04
80.000  3.881439e-04
81.000  3.762687e-04
82.000  3.649773e-04
83.000  3.542307e-04
84.000  3.439935e-04
85.000  3.342331e-04
86.000  3.249199e-04
87.000  3.160266e-04
88.000  3.075283e-04
89.000  2.994020e-04
90.000  2.916269e-04
91.000  2.841839e-04
92.000  2.770555e-04
93.000  2.702264e-04
94.000  2.636827e-04
95.000  2.574130e-04
96.000  2.514086e-04
97.000  2.456645e-04
98.000  2.401818e-04
99.000  2.349710e-04
100.000  2.300577e-04
101.000  2.254819e-04
102.000  2.212524e-04
103.000  2.172201e-04
104.000  2.131994e-04
105.000  2.092655e-04
106.000  2.053438e-04
107.000  2.013057e-04
108.000  1.974618e-04
109.000  1.940897e-04
110.000  1.910109e-04
111.000  1.879055e-04
112.000  1.848575e-04
113.000  1.820085e-04
114.000  1.791612e-04
115.000  1.760339e-04
116.000  1.728816e-04
117.000  1.699126e-04
118.000  1.670087e-04
119.000  1.642413e-04
120.000  1.617795e-04
121.000  1.596301e-04
122.000  1.575414e-04
123.000  1.551121e-04
124.000  1.522208e-04
125.000  1.491522e-04
126.000  1.462533e-04
127.000  1.437221e-04
128.000  1.415375e-04
129.000  1.395378e-04
130.000  1.374748e-04
131.000  1.350487e-04
132.000  1.322232e-04
133.000  1.294065e-04
134.000  1.273240e-04
135.000  1.273240e-04
136.000  1.273240e-04
137.000  1.273240e-04
138.000  1.273240e-04
139.000  1.273240e-04
140.000  1.273240e-04
141.000  1.273240e-04
142.000  1.273240e-04
143.000  1.273240e-04
144.000  1.273240e-04
145.000  1.273240e-04
146.000  1.273240e-04
147.000  1.273240e-04
148.000  1.273240e-04
149.000  1.273240e-04
150.000  1.273240e-04
151.000  1.273240e-04
152.000  1.273240e-04
153.000  1.273240e-04
154.000  1.273240e-04
155.000  1.273240e-04
156.000  1.273240e-04
157.000  1.273240e-04
158.000  1.273240e-04
159.000  1.273240e-04
160.000  1.273240e-04
161.000  1.273240e-04
162.000  1.273240e-04
163.000  1.273240e-04
164.000  1.273240e-04
165.000  1.273240e-04
166.000  1.273240e-04
167.000  1.273240e-04
168.000  1.273240e-04
169.000  1.273240e-04
170.000  1.273240e-04
171.000  1.273240e-04
172.000  1.273240e-04
173.000  1.273240e-04
174.000  1.273240e-04
175.000  1.273240e-04
176.000  1.273240e-04
177.000  1.273240e-04
178.000  1.273240e-04
179.000  1.273240e-04
180.000  1.273240e-04
181.000  1.273240e-04
182.000  1.273240e-04
183.000  1.273240e-04
184.000  1.273240e-04
185.000  1.273240e-04
186.000  1.273240e-04
187.000  1.273240e-04
188.000  1.273240e-04
189.000  1.273240e-04
190.000  1.273240e-04
191.000  1.273240e-04
192.000  1.273240e-04
193.000  1.273240e-04
194.000  1.273240e-04
195.000  1.273240e-04
196.000  1.273240e-04
197.000  1.273240e-04
198.000  1.273240e-04
199.000  1.273240e-04
200.000  1.273240e-04
201.000  1.273240e-04
202.000  1.273240e-04
203.000  1.273240e-04
204.000  1.273240e-04
205.000  1.273240e-04
206.000  1.273240e-04
207.000  1.273240e-04
208.000  1.273240e-04
209.000  1.273240e-04
210.000  1.273240e-04
211.000  1.273240e-04
212.000  1.273240e-04
213.000  1.273240e-04
214.000  1.273240e-04
215.000  1.273240e-04
216.000  1.273240e-04
217.000  1.273240e-04
218.000  1.273240e-04
219.000  1.273240e-04
220.000  1.273240e-04
221.000  1.273240e-04
222.000  1.273240e-04
223.000  1.273240e-04
224.000  1.273240e-04
225.000  1.273240e-04
226.000  1.273240e-04
227.000  1.273240e-04
228.000  1.273240e-04
229.000  1.273240e-04
230.000  1.273240e-04
231.000  1.273240e-04
232.000  1.273240e-04
233.000  1.273240e-04
234.000  1.273240e-04
235.000  1.273240e-04
236.000  1.273240e-04
237.000  1.273240e-04
238.000  1.273240e-04
239.000  1.273240e-04
240.000  1.273240e-04
241.000  1.273240e-04
242.000  1.273240e-04
243.000  1.273240e-04
244.000  1.273240e-04
245.000  1.273240e-04
246.000  1.273240e-04
247.000  1.273240e-04
248.000  1.273240e-04
249.000  1.273240e-04
250.000  1.273240e-04
251.000  1.273240e-04
252.000  1.273240e-04
253.000  1.273240e-04
254.000  1.273240e-04
255.000  1.273240e-04
256.000  1.273240e-04
257.000  1.273240e-04
258.000  1.273240e-04
259.000  1.273240e-04
260.000  1.273240e-04
261.000  1.273240e-04
262.000  1.273240e-04
263.000  1.273240e-04
264.000  1.273240e-04
265.000  1.273240e-04
266.000  1.273240e-04
267.000  1.273240e-04
268.000  1.273240e-04
269.000  1.273240e-04
270.000  1.273240e-04
271.000  1.273240e-04
272.000  1.273240e-04
273.000  1.273240e-04
274.000  1.273240e-04
275.000  1.273240e-04
276.000  1.273240e-04
277.000  1.273240e-04
278.000  1.273240e-04
279.000  1.273240e-04
280.000  1.273240e-04
281.000  1.273240e-04
282.000  1.273240e-04
283.000  1.273240e-04
284.000  1.273240e-04
285.000  1.273240e-04
286.000  1.273240e-04
287.000  1.273240e-04
288.000  1.273240e-04
289.000  1.273240e-04
290.000  1.273240e-04
291.000  1.273240e-04
292.000  1.273240e-04
293.000  1.273240e-04
294.000  1.273240e-04
295.000  1.273240e-04
296.000  1.273240e-04
297.000  1.273240e-04
298.000  1.273240e-04
299.000  1.273240e-04
300.000  1.273240e-04
301.000  1.273240e-04
302.000  1.273240e-04
303.000  1.273240e-04
304.000  1.273240e-04
305.000  1.273240e-04
306.000  1.273240e-04
307.000  1.273240e-04
308.000  1.273240e-04
309.000  1.273240e-04
310.000  1.273240e-04
311.000  1.273240e-04
312.000  1.273240e-04
313.000  1.273240e-04
314.000  1.273240e-04
315.000  1.273240e-04
316.000  1.273240e-04
317.000  1.273240e-04
318.000  1.273240e-04
319.000  1.273240e-04
320.000  1.273240e-04
321.000  1.273240e-04
322.000  1.273240e-04
323.000  1.273240e-04
324.000  1.273240e-04
325.000  1.273240e-04
326.000  1.273240e-04
327.000  1.273240e-04
328.000  1.286379e-04
329.000  1.307985e-04
330.000  1.330604e-04
331.000  1.354473e-04
332.000  1.379835e-04
333.000  1.406431e-04
334.000  1.432823e-04
335.000  1.458051e-04
336.000  1.483136e-04
337.000  1.509524e-04
338.000  1.538116e-04
339.000  1.569347e-04
340.000  1.602992e-04
341.000  1.637523e-04
342.000  1.670946e-04
343.000  1.702648e-04
344.000  1.734224e-04
345.000  1.767736e-04
346.000  1.804259e-04
347.000  1.843636e-04
348.000  1.884700e-04
349.000  1.926567e-04
350.000  1.968920e-04
351.000  2.011819e-04
352.000  2.056372e-04
353.000  2.103760e-04
354.000  2.154150e-04
355.000  2.207049e-04
356.000  2.262035e-04
357.000  2.318962e-04
358.000  2.377842e-04
359.000  2.438814e-04
360.000  2.502412e-04
361.000  2.569287e-04
362.000  2.639639e-04
363.000  2.713582e-04
364.000  2.791293e-04
365.000  2.872953e-04
366.000  2.958731e-04
367.000  3.048742e-04
368.000  3.143191e-04
369.000  3.242501e-04
370.000  3.347086e-04
371.000  3.457315e-04
372.000  3.573575e-04
373.000  3.696299e-04
374.000  3.825964e-04
375.000  3.963104e-04
376.000  4.108302e-04
377.000  4.262208e-04
378.000  4.425538e-04
379.000  4.599085e-04
380.000  4.783731e-04
381.000  4.980457e-04
382.000  5.190355e-04
383.000  5.414650e-04
384.000  5.654711e-04
385.000  5.912081e-04
386.000  6.188498e-04
387.000  6.485928e-04
388.000  6.806605e-04
389.000  7.153073e-04
390.000  7.528241e-04
391.000  7.935452e-04
392.000  8.378558e-04
393.000  8.862023e-04
394.000  9.391045e-04
395.000  9.971706e-04
396.000  1.061116e-03
397.000  1.131789e-03
398.000  1.210199e-03
399.000  1.297559e-03
400.000  1.395332e-03
401.000  1.505307e-03
402.000  1.629679e-03
403.000  1.771180e-03
404.000  1.933237e-03
405.000  2.120203e-03
406.000  2.337684e-03
407.000  2.593000e-03
408.000  2.895863e-03
409.000  3.259399e-03
410.000  3.701705e-03
411.000  4.248302e-03
412.000  4.936120e-03
413.000  5.820150e-03
414.000  6.984959e-03
415.000  8.565251e-03
416.000  1.078360e-02
417.000  1.401999e-02
418.000  1.893153e-02
419.000  2.658812e-02
420.000  3.818135e-02
421.000  5.242974e-02
422.000  6.089915e-02
423.000  5.688481e-02
424.000  4.712624e-02
425.000  3.974251e-02
426.000  3.771887e-02
427.000  4.148345e-02
428.000  4.979407e-02
429.000  5.758856e-02
430.000  5.881022e-02
431.000  5.234473e-02
432.000  4.318188e-02
433.000  3.672062e-02
434.000  3.492711e-02
435.000  3.717840e-02
436.000  4.064669e-02
437.000  4.232462e-02
438.000  4.084579e-02
439.000  3.632188e-02
440.000  3.082341e-02
441.000  2.713668e-02
442.000  2.609872e-02
443.000  2.646989e-02
444.000  2.676054e-02
445.000  2.628968e-02
446.000  2.483262e-02
447.000  2.236915e-02
448.000  1.948853e-02
449.000  1.723324e-02
450.000  1.574274e-02
451.000  1.463353e-02
452.000  1.367526e-02
453.000  1.274970e-02
454.000  1.171663e-02
455.000  1.045300e-02
456.000  8.959777e-03
457.000  7.521245e-03
458.000  6.478657e-03
459.000  5.832844e-03
460.000  5.279199e-03
461.000  4.653962e-03
462.000  4.049509e-03
463.000  3.559285e-03
464.000  3.058829e-03
465.000  2.552630e-03
466.000  2.145542e-03
467.000  1.846487e-03
468.000  1.622497e-03
469.000  1.447816e-03
470.000  1.308075e-03
471.000  1.193682e-03
472.000  1.097906e-03
473.000  1.016179e-03
474.000  9.453686e-04
475.000  8.832630e-04
476.000  8.282487e-04
477.000  7.791139e-04
478.000  7.349255e-04
479.000  6.949498e-04
480.000  6.585994e-04
481.000  6.253967e-04
482.000  5.949484e-04
483.000  5.669266e-04
484.000  5.410555e-04
485.000  5.171007e-04
486.000  4.948617e-04
487.000  4.741657e-04
488.000  4.548626e-04
489.000  4.368217e-04
490.000  4.199283e-04
491.000  4.040811e-04
492.000  3.891908e-04
493.000  3.751779e-04
494.000  3.619714e-04
495.000  3.495080e-04
496.000  3.377308e-04
497.000  3.265885e-04
498.000  3.160349e-04
499.000  3.060282e-04
500.000  2.965306e-04
501.000  2.875076e-04
502.000  2.789280e-04
503.000  2.707633e-04
504.000  2.629878e-04
505.000  2.555778e-04
506.000  2.485119e-04
507.000  2.417708e-04
508.000  2.353368e-04
509.000  2.291946e-04
510.000  2.233301e-04
511.000  2.177318e-04
512.000  2.123899e-04
513.000  2.072974e-04
514.000  2.024506e-04
515.000  1.978499e-04
516.000  1.935026e-04
517.000  1.894258e-04
518.000  1.856532e-04
519.000  1.822471e-04
520.000  1.793188e-04
521.000  1.770537e-04
522.000  1.756785e-04
523.000  1.751025e-04
524.000  1.743227e-04
525.000  1.728305e-04
526.000  1.713565e-04
527.000  1.690128e-04
528.000  1.657229e-04
529.000  1.636342e-04
530.000  1.634122e-04
531.000  1.633300e-04
532.000  1.623236e-04
533.000  1.615795e-04
534.000  1.613918e-04
535.000  1.601517e-04
536.000  1.571152e-04
537.000  1.544444e-04
538.000  1.523189e-04
539.000  1.499743e-04
540.000  1.482260e-04
541.000  1.478134e-04
542.000  1.483620e-04
543.000  1.482975e-04
544.000  1.458715e-04
545.000  1.414682e-04
546.000  1.368728e-04
547.000  1.333732e-04
548.000  1.315182e-04
549.000  1.312697e-04
550.000  1.320105e-04
551.000  1.320946e-04
552.000  1.292311e-04
553.000  1.273240e-04
554.000  1.273240e-04
555.000  1.273240e-04
556.000  1.273240e-04
557.000  1.273240e-04
558.000  1.273240e-04
559.000  1.273240e-04
560.000  1.273240e-04
561.000  1.273240e-04
562.000  1.273240e-04
563.000  1.273240e-04
564.000  1.273240e-04
565.000  1.273240e-04
566.000  1.273240e-04
567.000  1.273240e-04
568.000  1.273240e-04
569.000  1.273240e-04
570.000  1.273240e-04
571.000  1.273240e-04
572.000  1.273240e-04
573.000  1.273240e-04
574.000  1.273240e-04
575.000  1.273240e-04
576.000  1.273240e-04
577.000  1.273240e-04
578.000  1.273240e-04
579.000  1.273240e-04
580.000  1.273240e-04
581.000  1.273240e-04
582.000  1.273240e-04
583.000  1.273240e-04
584.000  1.273240e-04
585.000  1.273240e-04
586.000  1.273240e-04
587.000  1.273240e-04
588.000  1.273240e-04
589.000  1.273240e-04
590.000  1.273240e-04
591.000  1.273240e-04
592.000  1.273240e-04
593.000  1.273240e-04
594.000  1.273240e-04
595.000  1.273240e-04
596.000  1.273240e-04
597.000  1.273240e-04
598.000  1.273240e-04
599.000  1.273240e-04
600.000  1.273240e-04
601.000  1.273240e-04
602.000  1.273240e-04
603.000  1.273240e-04
604.000  1.273240e-04
605.000  1.273240e-04
606.000  1.273240e-04
607.000  1.273240e-04
608.000  1.273240e-04
609.000  1.273240e-04
610.000  1.273240e-04
611.000  1.273240e-04
612.000  1.273240e-04
613.000  1.273240e-04
614.000  1.273240e-04
615.000  1.273240e-04
616.000  1.273240e-04
617.000  1.273240e-04
618.000  1.273240e-04
619.000  1.273240e-04
620.000  1.273240e-04
621.000  1.273240e-04
622.000  1.273240e-04
623.000  1.273240e-04
624.000  1.273240e-04
625.000  1.273240e-04
626.000  1.273240e-04
627.000  1.273240e-04
628.000  1.273240e-04
629.000  1.273240e-04
630.000  1.273240e-04
631.000  1.273240e-04
632.000  1.273240e-04
633.000  1.273240e-04
634.000  1.273240e-04
635.000  1.273240e-04
636.000  1.273240e-04
637.000  1.273240e-04
638.000  1.273240e-04
639.000  1.273240e-04
640.000  1.273240e-04
641.000  1.273240e-04
642.000  1.273240e-04
643.000  1.273240e-04
644.000  1.273240e-04
645.000  1.273240e-04
646.000  1.273240e-04
647.000  1.273240e-04
648.000  1.273240e-04
649.000  1.273240e-04
650.000  1.273240e-04
651.000  1.273240e-04
652.000  1.273240e-04
653.000  1.273240e-04
654.000  1.273240e-04
655.000  1.273240e-04
656.000  1.273240e-04
657.000  1.273240e-04
658.000  1.273240e-04
659.000  1.273240e-04
660.000  1.273240e-04
661.000  1.273240e-04
662.000  1.273240e-04
663.000  1.273240e-04
664.000  1.273240e-04
665.000  1.273240e-04
666.000  1.273240e-04
667.000  1.273240e-04
668.000  1.273240e-04
669.000  1.273240e-04
670.000  1.273240e-04
671.000  1.273240e-04
672.000  1.273240e-04
673.000  1.273240e-04
674.000  1.273240e-04
675.000  1.273240e-04
676.000  1.273240e-04
677.000  1.273240e-04
678.000  1.273240e-04
679.000  1.273240e-04
680.000  1.273240e-04
681.000  1.273240e-04
682.000  1.273240e-04
683.000  1.273240e-04
684.000  1.273240e-04
685.000  1.273240e-04
686.000  1.273240e-04
687.000  1.273240e-04
688.000  1.273240e-04
689.000  1.273240e-04
690.000  1.273240e-04
691.000  1.273240e-04
692.000  1.273240e-04
693.000  1.273240e-04
694.000  1.273240e-04
695.000  1.273240e-04
696.000  1.273240e-04
697.000  1.273240e-04
698.000  1.273240e-04
699.000  1.273240e-04
700.000  1.273240e-04
701.000  1.273240e-04
702.000  1.273240e-04
703.000  1.273240e-04
704.000  1.273240e-04
705.000  1.273240e-04
706.000  1.273240e-04
707.000  1.273240e-04
708.000  1.273240e-04
709.000  1.273240e-04
710.000  1.273240e-04
711.000  1.273240e-04
712.000  1.273240e-04
713.000  1.273240e-04
714.000  1.273240e-04
715.000  1.273240e-04
716.000  1.273240e-04
717.000  1.273240e-04
718.000  1.273240e-04
719.000  1.273240e-04
720.000  1.273240e-04
721.000  1.273240e-04
722.000  1.273240e-04
723.000  1.273240e-04
724.000  1.273240e-04
725.000  1.273240e-04
726.000  1.273240e-04
727.000  1.273240e-04
728.000  1.273240e-04
729.000  1.273240e-04
730.000  1.273240e-04
731.000  1.273240e-04
732.000  1.273240e-04
733.000  1.273240e-04
734.000  1.273240e-04
735.000  1.273240e-04
736.000  1.273240e-04
737.000  1.273240e-04
738.000  1.273240e-04
739.000  1.273240e-04
740.000  1.273240e-04
741.000  1.273240e-04
742.000  1.273240e-04
743.000  1.273240e-04
744.000  1.273240e-04
745.000  1.273240e-04
746.000  1.273240e-04
747.000  1.273240e-04
748.000  1.273240e-04
749.000  1.273240e-04
750.000  1.273240e-04
751.000  1.273240e-04
752.000  1.273240e-04
753.000  1.273240e-04
754.000  1.273240e-04
755.000  1.273240e-04
756.000  1.273240e-04
757.000  1.273240e-04
758.000  1.273240e-04
759.000  1.273240e-04
760.000  1.273240e-04
761.000  1.273240e-04
762.000  1.273240e-04
763.000  1.273240e-04
764.000  1.273240e-04
765.000  1.273240e-04
766.000  1.273240e-04
767.000  1.273240e-04
768.000  1.273240e-04
769.000  1.273240e-04
770.000  1.273240e-04
771.000  1.273240e-04
772.000  1.273240e-04
773.000  1.273240e-04
774.000  1.273240e-04
775.000  1.273240e-04
776.000  1.273240e-04
777.000  1.273240e-04
778.000  1.273240e-04
779.000  1.273240e-04
780.000  1.273240e-04
781.000  1.273240e-04
782.000  1.273240e-04
783.000  1.273240e-04
784.000  1.273240e-04
785.000  1.273240e-04
786.000  1.273240e-04
787.000  1.273240e-04
788.000  1.273240e-04
789.000  1.273240e-04
790.000  1.290034e-04
791.000  1.328566e-04
792.000  1.369155e-04
793.000  1.411947e-04
794.000  1.457097e-04
795.000  1.504777e-04
796.000  1.555178e-04
797.000  1.608509e-04
798.000  1.665001e-04
799.000  1.724909e-04
800.000  1.788515e-04
801.000  1.856130e-04
802.000  1.928103e-04
803.000  2.004817e-04
804.000  2.086704e-04
805.000  2.174243e-04
806.000  2.267973e-04
807.000  2.368501e-04
808.000  2.476510e-04
809.000  2.592773e-04
810.000  2.718167e-04
811.000  2.853695e-04
812.000  3.000498e-04
813.000  3.159891e-04
814.000  3.333388e-04
815.000  3.522745e-04
816.000  3.730003e-04
817.000  3.957554e-04
818.000  4.208210e-04
819.000  4.485301e-04
820.000  4.792795e-04
821.000  5.135453e-04
822.000  5.519028e-04
823.000  5.950535e-04
824.000  6.438599e-04
825.000  6.993933e-04
826.000  7.629980e-04
827.000  8.363816e-04
828.000  9.217412e-04
829.000  1.021945e-03
830.000  1.140797e-03
831.000  1.283436e-03
832.000  1.456945e-03
833.000  1.671307e-03
834.000  1.940965e-03
835.000  2.287423e-03
836.000  2.743746e-03
837.000  3.362602e-03
838.000  4.231010e-03
839.000  5.497382e-03
840.000  7.417149e-03
841.000  1.039855e-02
842.000  1.485714e-02
843.000  2.019118e-02
844.000  2.343686e-02
845.000  2.255415e-02
846.000  1.941200e-02
847.000  1.663610e-02
848.000  1.560869e-02
849.000  1.675058e-02
850.000  1.962962e-02
851.000  2.242462e-02
852.000  2.303142e-02
853.000  2.092550e-02
854.000  1.764219e-02
855.000  1.503925e-02
856.000  1.404097e-02
857.000  1.455869e-02
858.000  1.560634e-02
859.000  1.608233e-02
860.000  1.540415e-02
861.000  1.368209e-02
862.000  1.173040e-02
863.000  1.039114e-02
864.000  9.923151e-03
865.000  9.949809e-03
866.000  9.956346e-03
867.000  9.657869e-03
868.000  9.002329e-03
869.000  8.053199e-03
870.000  7.025662e-03
871.000  6.180050e-03
872.000  5.544190e-03
873.000  5.043672e-03
874.000  4.624212e-03
875.000  4.245231e-03
876.000  3.856222e-03
877.000  3.421784e-03
878.000  2.939179e-03
879.000  2.485263e-03
880.000  2.152778e-03
881.000  1.929870e-03
882.000  1.729618e-03
883.000  1.517168e-03
884.000  1.326551e-03
885.000  1.169423e-03
886.000  1.006456e-03
887.000  8.508614e-04
888.000  7.287083e-04
889.000  6.378297e-04
890.000  5.681406e-04
891.000  5.127162e-04
892.000  4.675972e-04
893.000  4.300468e-04
894.000  3.981499e-04
895.000  3.705968e-04
896.000  3.464763e-04
897.000  3.251337e-04
898.000  3.060840e-04
899.000  2.889570e-04
900.000  2.734640e-04
901.000  2.593753e-04
902.000  2.465047e-04
903.000  2.346994e-04
904.000  2.238323e-04
905.000  2.137967e-04
906.000  2.045021e-04
907.000  1.958709e-04
908.000  1.878364e-04
909.000  1.803408e-04
910.000  1.733336e-04
911.000  1.667706e-04
912.000  1.606128e-04
913.000  1.548256e-04
914.000  1.493784e-04
915.000  1.442439e-04
916.000  1.393975e-04
917.000  1.348175e-04
918.000  1.304839e-04
919.000  1.273240e-04
920.000  1.273240e-04
921.000  1.273240e-04
922.000  1.273240e-04
923.000  1.273240e-04
924.000  1.273240e-04
925.000  1.273240e-04
926.000  1.273240e-04
927.000  1.273240e-04
928.000  1.273240e-04
929.000  1.273240e-04
930.000  1.273240e-04
931.000  1.273240e-04
932.000  1.273240e-04
933.000  1.273240e-04
934.000  1.273240e-04
935.000  1.273240e-04
936.000  1.273240e-04
937.000  1.273240e-04
938.000  1.273240e-04
939.000  1.273240e-04
940.000  1.273240e-04
941.000  1.273240e-04
942.000  1.273240e-04
943.000  1.273240e-04
944.000  1.273240e-04
945.000  1.273240e-04
946.000  1.273240e-04
947.000  1.273240e-04
948.000  1.273240e-04
949.000  1.273240e-04
950.000  1.273240e-04
951.000  1.273240e-04
952.000  1.273240e-04
953.000  1.273240e-04
954.000  1.273240e-04
955.000  1.273240e-04
956.000  1.273240e-04
957.000  1.273240e-04
958.000  1.273240e-04
959.000  1.273240e-04
960.000  1.273240e-04
961.000  1.273240e-04
962.000  1.273240e-04
963.000  1.273240e-04
964.000  1.273240e-04
965.000  1.273240e-04
966.000  1.273240e-04
967.000  1.273240e-04
968.000  1.273240e-04
969.000  1.273240e-04
970.000  1.273240e-04
971.000  1.273240e-04
972.000  1.273240e-04
973.000  1.273240e-04
974.000  1.273240e-04
975.000  1.273240e-04
976.000  1.273240e-04
977.000  1.273240e-04
978.000  1.273240e-04
979.000  1.273240e-04
980.000  1.273240e-04
981.000  1.273240e-04
982.000  1.273240e-04
983.000  1.273240e-04
984.000  1.273240e-04
985.000  1.273240e-04
986.000  1.273240e-04
987.000  1.273240e-04
988.000  1.273240e-04
989.000  1.273240e-04
990.000  1.273240e-04
991.000  1.273240e-04
992.000  1.273240e-04
993.000  1.273240e-04
994.000  1.273240e-04
995.000  1.273240e-04
996.000  1.273240e-04
997.000  1.273240e-04
998.000  1.273240e-04
999.000  1.273240e-04
1000.000  1.273240e-04
1001.000  1.273240e-04
1002.000  1.273240e-04
1003.000  1.273240e-04
1004.000  1.273240e-04
1005.000  1.273240e-04
1006.000  1.273240e-04
1007.000  1.273240e-04
1008.000  1.273240e-04
1009.000  1.273240e-04
1010.000  1.273240e-04
1011.000  1.273240e-04
1012.000  1.273240e-04
1013.000  1.273240e-04
1014.000  1.273240e-04
1015.000  1.273240e-04
1016.000  1.273240e-04
1017.000  1.273240e-04
1018.000  1.273240e-04
1019.000  1.273240e-04
1020.000  1.273240e-04
1021.000  1.273240e-04
1022.000  1.273240e-04
1023.000  1.273240e-04
1024.000  1.273240e-04
1025.000  1.273240e-04
1026.000  1.273240e-04
1027.000  1.273240e-04
1028.000  1.273240e-04
1029.000  1.273240e-04
1030.000  1.273240e-04
1031.000  1.273240e-04
1032.000  1.273240e-04
1033.000  1.273240e-04
1034.000  1.273240e-04
1035.000  1.273240e-04
1036.000  1.273240e-04
1037.000  1.273240e-04
1038.000  1.273240e-04
1039.000  1.273240e-04
1040.000  1.273240e-04
1041.000  1.273240e-04
1042.000  1.273240e-04
1043.000  1.273240e-04
1044.000  1.273240e-04
1045.000  1.273240e-04
1046.000  1.273240e-04
1047.000  1.273240e-04
1048.000  1.273240e-04
1049.000  1.273240e-04
1050.000  1.273240e-04
1051.000  1.273240e-04
1052.000  1.273240e-04
1053.000  1.273240e-04
1054.000  1.273240e-04
1055.000  1.273240e-04
1056.000  1.273240e-04
1057.000  1.273240e-04
1058.000  1.273240e-04
1059.000  1.273240e-04
1060.000  1.273240e-04
1061.000  1.273240e-04
1062.000  1.273240e-04
1063.000  1.273240e-04
1064.000  1.273240e-04
1065.000  1.273240e-04
1066.000  1.273240e-04
1067.000  1.273240e-04
1068.000  1.273240e-04
1069.000  1.273240e-04
1070.000  1.273240e-04
1071.000  1.273240e-04
1072.000  1.273240e-04
1073.000  1.273240e-04
1074.000  1.273240e-04
1075.000  1.273240e-04
1076.000  1.273240e-04
1077.000  1.273240e-04
1078.000  1.273240e-04
1079.000  1.273240e-04
1080.000  1.273240e-04
1081.000  1.273240e-04
1082.000  1.273240e-04
1083.000  1.273240e-04
1084.000  1.273240e-04
1085.000  1.273240e-04
1086.000  1.273240e-04
1087.000  1.273240e-04
1088.000  1.273240e-04
1089.000  1.273240e-04
1090.000  1.273240e-04
1091.000  1.273240e-04
1092.000  1.273240e-04
1093.000  1.273240e-04
1094.000  1.273240e-04
1095.000  1.273240e-04
1096.000  1.273240e-04
1097.000  1.273240e-04
1098.000  1.273240e-04
1099.000  1.273240e-04
1100.000  1.273240e-04
1101.000  1.273240e-04
1102.000  1.273240e-04
1103.000  1.273240e-04
1104.000  1.273240e-04
1105.000  1.273240e-04
1106.000  1.273240e-04
1107.000  1.273240e-04
1108.000  1.273240e-04
1109.000  1.273240e-04
1110.000  1.273240e-04
1111.000  1.273240e-04
1112.000  1.273240e-04
1113.000  1.273240e-04
1114.000  1.273240e-04
1115.000  1.273240e-04
1116.000  1.273240e-04
1117.000  1.273240e-04
1118.000  1.273240e-04
1119.000  1.273240e-04
1120.000  1.273240e-04
1121.000  1.273240e-04
1122.000  1.273240e-04
1123.000  1.273240e-04
1124.000  1.273240e-04
1125.000  1.273240e-04
1126.000  1.273240e-04
1127.000  1.273240e-04
1128.000  1.273240e-04
1129.000  1.273240e-04
1130.000  1.273240e-04
1131.000  1.273240e-04
1132.000  1.273240e-04
1133.000  1.273240e-04
1134.000  1.273240e-04
1135.000  1.273240e-04
1136.000  1.273240e-04
1137.000  1.273240e-04
1138.000  1.273240e-04
1139.000  1.273240e-04
1140.000  1.273240e-04
1141.000  1.273240e-04
1142.000  1.273240e-04
1143.000  1.273240e-04
1144.000  1.273240e-04
1145.000  1.273240e-04
1146.000  1.273240e-04
1147.000  1.273240e-04
1148.000  1.273240e-04
1149.000  1.273240e-04
1150.000  1.273240e-04
1151.000  1.273240e-04
1152.000  1.273240e-04
1153.000  1.273240e-04
1154.000  1.273240e-04
1155.000  1.273240e-04
1156.000  1.273240e-04
1157.000  1.273240e-04
1158.000  1.273240e-04
1159.000  1.273240e-04
1160.000  1.273240e-04
1161.000  1.273240e-04
1162.000  1.273240e-04
1163.000  1.273240e-04
1164.000  1.273240e-04
1165.000  1.273240e-04
1166.000  1.273240e-04
1167.000  1.273240e-04
1168.000  1.273240e-04
1169.000  1.273240e-04
1170.000  1.273240e-04
1171.000  1.273240e-04
1172.000  1.273240e-04
1173.000  1.273240e-04
1174.000  1.273240e-04
1175.000  1.273240e-04
1176.000  1.273240e-04
1177.000  1.273240e-04
1178.000  1.273240e-04
1179.000  1.273240e-04
1180.000  1.273240e-04
1181.000  1.273240e-04
1182.000  1.273240e-04
1183.000  1.273240e-04
1184.000  1.273240e-04
1185.000  1.273240e-04
1186.000  1.273240e-04
1187.000  1.273240e-04
1188.000  1.273240e-04
1189.000  1.273240e-04
1190.000  1.273240e-04
1191.000  1.273240e-04
1192.000  1.273240e-04
1193.000  1.273240e-04
1194.000  1.273240e-04
1195.000  1.273240e-04
1196.000  1.273240e-04
1197.000  1.273240e-04
1198.000  1.273240e-04
1199.000  1.273240e-04
1200.000  1.273240e-04
1201.000  1.273240e-04
1202.000  1.273240e-04
1203.000  1.273240e-04
1204.000  1.273240e-04
1205.000  1.273240e-04
1206.000  1.273240e-04
1207.000  1.273240e-04
1208.000  1.273240e-04
1209.000  1.273240e-04
1210.000  1.273240e-04
1211.000  1.273240e-04
1212.000  1.273240e-04
1213.000  1.273240e-04
1214.000  1.273240e-04
1215.000  1.273240e-04
1216.000  1.273240e-04
1217.000  1.273240e-04
1218.000  1.273240e-04
1219.000  1.273240e-04
1220.000  1.273240e-04
1221.000  1.273240e-04
1222.000  1.273240e-04
1223.000  1.273240e-04
1224.000  1.273240e-04
1225.000  1.273240e-04
1226.000  1.273240e-04
1227.000  1.273240e-04
1228.000  1.273240e-04
1229.000  1.273240e-04
1230.000  1.273240e-04
1231.000  1.273240e-04
1232.000  1.273240e-04
1233.000  1.273240e-04
1234.000  1.273240e-04
1235.000  1.273240e-04
1236.000  1.273240e-04
1237.000  1.273240e-04
1238.000  1.273240e-04
1239.000  1.273240e-04
1240.000  1.273240e-04
1241.000  1.273240e-04
1242.000  1.273240e-04
1243.000  1.323741e-04
1244.000  1.421781e-04
1245.000  1.532231e-04
1246.000  1.657340e-04
1247.000  1.799903e-04
1248.000  1.963431e-04
1249.000  2.152389e-04
1250.000  2.372521e-04
1251.000  2.631336e-04
1252.000  2.938795e-04
1253.000  3.308365e-04
1254.000  3.758614e-04
1255.000  4.315731e-04
1256.000  5.017622e-04
1257.000  5.920752e-04
1258.000  7.111991e-04
1259.000  8.729788e-04
1260.000  1.100294e-03
1261.000  1.432130e-03
1262.000  1.935246e-03
1263.000  2.714192e-03
1264.000  3.865241e-03
1265.000  5.213028e-03
1266.000  6.071956e-03
1267.000  5.998700e-03
1268.000  5.324158e-03
1269.000  4.620792e-03
1270.000  4.275663e-03
1271.000  4.451420e-03
1272.000  5.056953e-03
1273.000  5.655321e-03
1274.000  5.735211e-03
1275.000  5.154690e-03
1276.000  4.278844e-03
1277.000  3.575866e-03
1278.000  3.282448e-03
1279.000  3.337206e-03
1280.000  3.475395e-03
1281.000  3.455830e-03
1282.000  3.239687e-03
1283.000  2.904917e-03
1284.000  2.538228e-03
1285.000  2.259782e-03
1286.000  2.134587e-03
1287.000  2.082343e-03
1288.000  1.993323e-03
1289.000  1.856290e-03
1290.000  1.716918e-03
1291.000  1.582304e-03
1292.000  1.436156e-03
1293.000  1.289714e-03
1294.000  1.158964e-03
1295.000  1.046468e-03
1296.000  9.486648e-04
1297.000  8.637796e-04
1298.000  7.850939e-04
1299.000  7.016735e-04
1300.000  6.085632e-04
1301.000  5.195129e-04
1302.000  4.526817e-04
1303.000  4.047970e-04
1304.000  3.604749e-04
1305.000  3.155776e-04
1306.000  2.774310e-04
1307.000  2.449900e-04
1308.000  2.111979e-04
1309.000  1.805027e-04
1310.000  1.568181e-04
1311.000  1.390222e-04
1312.000  1.273240e-04
1313.000  1.273240e-04
1314.000  1.273240e-04
1315.000  1.273240e-04
1316.000  1.273240e-04
1317.000  1.273240e-04
1318.000  1.273240e-04
1319.000  1.273240e-04
1320.000  1.273240e-04
1321.000  1.273240e-04
1322.000  1.273240e-04
1323.000  1.273240e-04
1324.000  1.273240e-04
1325.000  1.273240e-04
1326.000  1.273240e-04
1327.000  1.273240e-04
1328.000  1.273240e-04
1329.000  1.273240e-04
1330.000  1.273240e-04
1331.000  1.273240e-04
1332.000  1.273240e-04
1333.000  1.273240e-04
1334.000  1.273240e-04
1335.000  1.273240e-04
1336.000  1.273240e-04
1337.000  1.273240e-04
1338.000  1.273240e-04
1339.000  1.273240e-04
1340.000  1.273240e-04
1341.000  1.273240e-04
1342.000  1.273240e-04
1343.000  1.273240e-04
1344.000  1.273240e-04
1345.000  1.273240e-04
1346.000  1.273240e-04
1347.000  1.273240e-04
1348.000  1.273240e-04
1349.000  1.273240e-04
1350.000  1.273240e-04
1351.000  1.273240e-04
1352.000  1.273240e-04
1353.000  1.273240e-04
1354.000  1.273240e-04
1355.000  1.273240e-04
1356.000  1.273240e-04
1357.000  1.273240e-04
1358.000  1.273240e-04
1359.000  1.273240e-04
1360.000  1.273240e-04
1361.000  1.273240e-04
1362.000  1.273240e-04
1363.000  1.273240e-04
1364.000  1.273240e-04
1365.000  1.273240e-04
1366.000  1.273240e-04
1367.000  1.273240e-04
1368.000  1.273240e-04
1369.000  1.273240e-04
1370.000  1.273240e-04
1371.000  1.273240e-04
1372.000  1.273240e-04
1373.000  1.273240e-04
1374.000  1.273240e-04
1375.000  1.273240e-04
1376.000  1.273240e-04
1377.000  1.273240e-04
1378.000  1.273240e-04
1379.000  1.273240e-04
1380.000  1.273240e-04
1381.000  1.273240e-04
1382.000  1.273240e-04
1383.000  1.273240e-04
1384.000  1.273240e-04
1385.000  1.273240e-04
1386.000  1.273240e-04
1387.000  1.273240e-04
1388.000  1.273240e-04
1389.000  1.273240e-04
1390.000  1.273240e-04
1391.000  1.273240e-04
1392.000  1.273240e-04
1393.000  1.273240e-04
1394.000  1.273240e-04
1395.000  1.273240e-04
1396.000  1.273240e-04
1397.000  1.273240e-04
1398.000  1.273240e-04
1399.000  1.273240e-04
1400.000  1.273240e-04
1401.000  1.273240e-04
1402.000  1.273240e-04
1403.000  1.273240e-04
1404.000  1.273240e-04
1405.000  1.273240e-04
1406.000  1.273240e-04
1407.000  1.273240e-04
1408.000  1.273240e-04
1409.000  1.273240e-04
1410.000  1.273240e-04
1411.000  1.273240e-04
1412.000  1.273240e-04
1413.000  1.273240e-04
1414.000  1.273240e-04
1415.000  1.273240e-04
1416.000  1.273240e-04
1417.000  1.273240e-04
1418.000  1.273240e-04
1419.000  1.273240e-04
1420.000  1.273240e-04
1421.000  1.273240e-04
1422.000  1.273240e-04
1423.000  1.273240e-04
1424.000  1.273240e-04
1425.000  1.273240e-04
1426.000  1.273240e-04
1427.000  1.273240e-04
1428.000  1.273240e-04
1429.000  1.273240e-04
1430.000  1.273240e-04
1431.000  1.273240e-04
1432.000  1.273240e-04
1433.000  1.273240e-04
1434.000  1.273240e-04
1435.000  1.273240e-04
1436.000  1.273240e-04
1437.000  1.273240e-04
1438.000  1.273240e-04
1439.000  1.273240e-04
1440.000  1.273240e-04
1441.000  1.273240e-04
1442.000  1.273240e-04
1443.000  1.273240e-04
1444.000  1.273240e-04
1445.000  1.273240e-04
1446.000  1.273240e-04
1447.000  1.273240e-04
1448.000  1.273240e-04
1449.000  1.273240e-04
1450.000  1.273240e-04
1451.000  1.273240e-04
1452.000  1.273240e-04
1453.000  1.273240e-04
1454.000  1.273240e-04
1455.000  1.273240e-04
1456.000  1.273240e-04
1457.000  1.273240e-04
1458.000  1.273240e-04
1459.000  1.273240e-04
1460.000  1.273240e-04
1461.000  1.273240e-04
1462.000  1.273240e-04
1463.000  1.273240e-04
1464.000  1.273240e-04
1465.000  1.273240e-04
1466.000  1.273240e-04
1467.000  1.273240e-04
1468.000  1.273240e-04
1469.000  1.273240e-04
1470.000  1.273240e-04
1471.000  1.273240e-04
1472.000  1.273240e-04
1473.000  1.273240e-04
1474.000  1.273240e-04
1475.000  1.273240e-04
1476.000  1.273240e-04
1477.000  1.273240e-04
1478.000  1.273240e-04
1479.000  1.273240e-04
1480.000  1.273240e-04
1481.000  1.273240e-04
1482.000  1.273240e-04
1483.000  1.273240e-04
1484.000  1.273240e-04
1485.000  1.273240e-04
1486.000  1.273240e-04
1487.000  1.273240e-04
1488.000  1.273240e-04
1489.000  1.273240e-04
1490.000  1.273240e-04
1491.000  1.273240e-04
1492.000  1.273240e-04
1493.000  1.273240e-04
1494.000  1.273240e-04
1495.000  1.273240e-04
1496.000  1.273240e-04
1497.000  1.273240e-04
1498.000  1.273240e-04
1499.000  1.273240e-04
1500.000  1.273240e-04
1501.000  1.273240e-04
1502.000  1.273240e-04
1503.000  1.273240e-04
1504.000  1.273240e-04
1505.000  1.273240e-04
1506.000  1.273240e-04
1507.000  1.273240e-04
1508.000  1.273240e-04
1509.000  1.273240e-04
1510.000  1.273240e-04
1511.000  1.273240e-04
1512.000  1.273240e-04
1513.000  1.273240e-04
1514.000  1.273240e-04
1515.000  1.273240e-04
1516.000  1.273240e-04
1517.000  1.273240e-04
1518.000  1.273240e-04
1519.000  1.273240e-04
1520.000  1.273240e-04
1521.000  1.273240e-04
1522.000  1.273240e-04
1523.000  1.273240e-04
1524.000  1.273240e-04
1525.000  1.273240e-04
1526.000  1.273240e-04
1527.000  1.273240e-04
1528.000  1.273240e-04
1529.000  1.273240e-04
1530.000  1.273240e-04
1531.000  1.273240e-04
1532.000  1.273240e-04
1533.000  1.273240e-04
1534.000  1.273240e-04
1535.000  1.273240e-04
1536.000  1.273240e-04
1537.000  1.273240e-04
1538.000  1.273240e-04
1539.000  1.273240e-04
1540.000  1.273240e-04
1541.000  1.273240e-04
1542.000  1.273240e-04
1543.000  1.273240e-04
1544.000  1.273240e-04
1545.000  1.273240e-04
1546.000  1.273240e-04
1547.000  1.273240e-04
1548.000  1.273240e-04
1549.000  1.273240e-04
1550.000  1.273240e-04
1551.000  1.273240e-04
1552.000  1.273240e-04
1553.000  1.273240e-04
1554.000  1.273240e-04
1555.000  1.273240e-04
1556.000  1.273240e-04
1557.000  1.273240e-04
1558.000  1.273240e-04
1559.000  1.273240e-04
1560.000  1.273240e-04
1561.000  1.273240e-04
1562.000  1.273240e-04
1563.000  1.273240e-04
1564.000  1.273240e-04
1565.000  1.273240e-04
1566.000  1.273240e-04
1567.000  1.273240e-04
1568.000  1.273240e-04
1569.000  1.273240e-04
1570.000  1.273240e-04
1571.000  1.273240e-04
1572.000  1.273240e-04
1573.000  1.273240e-04
1574.000  1.273240e-04
1575.000  1.273240e-04
1576.000  1.273240e-04
1577.000  1.273240e-04
1578.000  1.273240e-04
1579.000  1.273240e-04
1580.000  1.273240e-04
1581.000  1.273240e-04
1582.000  1.273240e-04
1583.000  1.273240e-04
1584.000  1.273240e-04
1585.000  1.273240e-04
1586.000  1.273240e-04
1587.000  1.273240e-04
1588.000  1.273240e-04
1589.000  1.273240e-04
1590.000  1.273240e-04
1591.000  1.273240e-04
1592.000  1.273240e-04
1593.000  1.273240e-04
1594.000  1.273240e-04
1595.000  1.273240e-04
1596.000  1.273240e-04
1597.000  1.273240e-04
1598.000  1.273240e-04
1599.000  1.273240e-04
1600.000  1.273240e-04
1601.000  1.273240e-04
1602.000  1.273240e-04
1603.000  1.273240e-04
1604.000  1.273240e-04
1605.000  1.273240e-04
1606.000  1.273240e-04
1607.000  1.273240e-04
1608.000  1.273240e-04
1609.000  1.273240e-04
1610.000  1.273240e-04
1611.000  1.273240e-04
1612.000  1.273240e-04
1613.000  1.273240e-04
1614.000  1.273240e-04
1615.000  1.273240e-04
1616.000  1.273240e-04
1617.000  1.273240e-04
1618.000  1.273240e-04
1619.000  1.273240e-04
1620.000  1.273240e-04
1621.000  1.273240e-04
1622.000  1.273240e-04
1623.000  1.273240e-04
1624.000  1.273240e-04
1625.000  1.273240e-04
1626.000  1.273240e-04
1627.000  1.273240e-04
1628.000  1.273240e-04
1629.000  1.273240e-04
1630.000  1.273240e-04
1631.000  1.273240e-04
1632.000  1.273240e-04
1633.000  1.273240e-04
1634.000  1.273240e-04
1635.000  1.273240e-04
1636.000  1.273240e-04
1637.000  1.273240e-04
1638.000  1.273240e-04
1639.000  1.273240e-04
1640.000  1.273240e-04
1641.000  1.273240e-04
1642.000  1.273240e-04
1643.000  1.273240e-04
1644.000  1.273240e-04
1645.000  1.273240e-04
1646.000  1.273240e-04
1647.000  1.273240e-04
1648.000  1.273240e-04
1649.000  1.273240e-04
1650.000  1.273240e-04
1651.000  1.273240e-04
1652.000  1.273240e-04
1653.000  1.273240e-04
1654.000  1.273240e-04
1655.000  1.273240e-04
1656.000  1.273240e-04
1657.000  1.273240e-04
1658.000  1.273240e-04
1659.000  1.273240e-04
1660.000  1.273240e-04
1661.000  1.273240e-04
1662.000  1.273240e-04
1663.000  1.273240e-04
1664.000  1.273240e-04
1665.000  1.273240e-04
1666.000  1.273240e-04
1667.000  1.273240e-04
1668.000  1.273240e-04
1669.000  1.273240e-04
1670.000  1.273240e-04
1671.000  1.273240e-04
1672.000  1.273240e-04
1673.000  1.273240e-04
1674.000  1.273240e-04
1675.000  1.273240e-04
1676.000  1.273240e-04
1677.000  1.273240e-04
1678.000  1.273240e-04
1679.000  1.273240e-04
1680.000  1.324547e-04
1681.000  1.634891e-04
1682.000  2.073447e-04
1683.000  2.717023e-04
1684.000  3.696536e-04
1685.000  5.212537e-04
1686.000  7.429452e-04
1687.000  9.980318e-04
1688.000  1.167902e-03
1689.000  1.175175e-03
1690.000  1.060639e-03
1691.000  9.167186e-04
1692.000  8.183065e-04
1693.000  8.021394e-04
1694.000  8.514367e-04
1695.000  8.863982e-04
1696.000  8.307037e-04
1697.000  6.924221e-04
1698.000  5.468249e-04
1699.000  4.538708e-04
1700.000  4.203333e-04
1701.000  4.203731e-04
1702.000  4.176955e-04
1703.000  4.023932e-04
1704.000  3.803355e-04
1705.000  3.407887e-04
1706.000  2.903945e-04
1707.000  2.543358e-04
1708.000  2.343173e-04
1709.000  2.143945e-04
1710.000  1.926085e-04
1711.000  1.808077e-04
1712.000  1.784378e-04
1713.000  1.705578e-04
1714.000  1.511880e-04
1715.000  1.279900e-04
1716.000  1.273240e-04
1717.000  1.273240e-04
1718.000  1.273240e-04
1719.000  1.273240e-04
1720.000  1.273240e-04
1721.000  1.273240e-04
1722.000  1.273240e-04
1723.000  1.273240e-04
1724.000  1.273240e-04
1725.000  1.273240e-04
1726.000  1.273240e-04
1727.000  1.273240e-04
1728.000  1.273240e-04
1729.000  1.273240e-04
1730.000  1.273240e-04
1731.000  1.273240e-04
1732.000  1.273240e-04
1733.000  1.273240e-04
1734.000  1.273240e-04
1735.000  1.273240e-04
1736.000  1.273240e-04
1737.000  1.273240e-04
1738.000  1.273240e-04
1739.000  1.273240e-04
1740.000  1.273240e-04
1741.000  1.273240e-04
1742.000  1.273240e-04
1743.000  1.273240e-04
1744.000  1.273240e-04
1745.000  1.273240e-04
1746.000  1.273240e-04
1747.000  1.273240e-04
1748.000  1.273240e-04
1749.000  1.273240e-04
1750.000  1.273240e-04
1751.000  1.273240e-04
1752.000  1.273240e-04
1753.000  1.273240e-04
1754.000  1.273240e-04
1755.000  1.273240e-04
1756.000  1.273240e-04
1757.000  1.273240e-04
1758.000  1.273240e-04
1759.000  1.273240e-04
1760.000  1.273240e-04
1761.000  1.273240e-04
1762.000  1.273240e-04
1763.000  1.273240e-04
1764.000  1.273240e-04
1765.000  1.273240e-04
1766.000  1.273240e-04
1767.000  1.273240e-04
1768.000  1.273240e-04
1769.000  1.273240e-04
1770.000  1.273240e-04
1771.000  1.273240e-04
1772.000  1.273240e-04
1773.000  1.273240e-04
1774.000  1.273240e-04
1775.000  1.273240e-04
1776.000  1.273240e-04
1777.000  1.273240e-04
1778.000  1.273240e-04
1779.000  1.273240e-04
1780.000  1.273240e-04
1781.000  1.273240e-04
1782.000  1.273240e-04
1783.000  1.273240e-04
1784.000  1.273240e-04
1785.000  1.273240e-04
1786.000  1.273240e-04
1787.000  1.273240e-04
1788.000  1.273240e-04
1789.000  1.273240e-04
1790.000  1.273240e-04
1791.000  1.273240e-04
1792.000  1.273240e-04
1793.000  1.273240e-04
1794.000  1.273240e-04
1795.000  1.273240e-04
1796.000  1.273240e-04
1797.000  1.273240e-04
1798.000  1.273240e-04
1799.000  1.273240e-04
1800.000  1.273240e-04
1801.000  1.273240e-04
1802.000  1.273240e-04
1803.000  1.273240e-04
1804.000  1.273240e-04
1805.000  1.273240e-04
1806.000  1.273240e-04
1807.000  1.273240e-04
1808.000  1.273240e-04
1809.000  1.273240e-04
1810.000  1.273240e-04
1811.000  1.273240e-04
1812.000  1.273240e-04
1813.000  1.273240e-04
1814.000  1.273240e-04
1815.000  1.273240e-04
1816.000  1.273240e-04
1817.000  1.273240e-04
1818.000  1.273240e-04
1819.000  1.273240e-04
1820.000  1.273240e-04
1821.000  1.273240e-04
1822.000  1.273240e-04
1823.000  1.273240e-04
1824.000  1.273240e-04
1825.000  1.273240e-04
1826.000  1.273240e-04
1827.000  1.273240e-04
1828.000  1.273240e-04
1829.000  1.273240e-04
1830.000  1.273240e-04
1831.000  1.273240e-04
1832.000  1.273240e-04
1833.000  1.273240e-04
1834.000  1.273240e-04
1835.000  1.273240e-04
1836.000  1.273240e-04
1837.000  1.273240e-04
1838.000  1.273240e-04
1839.000  1.273240e-04
1840.000  1.273240e-04
1841.000  1.273240e-04
1842.000  1.273240e-04
1843.000  1.273240e-04
1844.000  1.273240e-04
1845.000  1.273240e-04
1846.000  1.273240e-04
1847.000  1.273240e-04
1848.000  1.273240e-04
1849.000  1.273240e-04
1850.000  1.273240e-04
1851.000  1.273240e-04
1852.000  1.273240e-04
1853.000  1.273240e-04
1854.000  1.273240e-04
1855.000  1.273240e-04
1856.000  1.273240e-04
1857.000  1.273240e-04
1858.000  1.273240e-04
1859.000  1.273240e-04
1860.000  1.273240e-04
1861.000  1.273240e-04
1862.000  1.273240e-04
1863.000  1.273240e-04
1864.000  1.273240e-04
1865.000  1.273240e-04
1866.000  1.273240e-04
1867.000  1.273240e-04
1868.000  1.273240e-04
1869.000  1.273240e-04
1870.000  1.273240e-04
1871.000  1.273240e-04
1872.000  1.273240e-04
1873.000  1.273240e-04
1874.000  1.273240e-04
1875.000  1.273240e-04
1876.000  1.273240e-04
1877.000  1.273240e-04
1878.000  1.273240e-04
1879.000  1.273240e-04
1880.000  1.273240e-04
1881.000  1.273240e-04
1882.000  1.273240e-04
1883.000  1.273240e-04
1884.000  1.273240e-04
1885.000  1.273240e-04
1886.000  1.273240e-04
1887.000  1.273240e-04
1888.000  1.273240e-04
1889.000  1.273240e-04
1890.000  1.273240e-04
1891.000  1.273240e-04
1892.000  1.273240e-04
1893.000  1.273240e-04
1894.000  1.273240e-04
1895.000  1.273240e-04
1896.000  1.273240e-04
1897.000  1.273240e-04
1898.000  1.273240e-04
1899.000  1.273240e-04
1900.000  1.273240e-04
1901.000  1.273240e-04
1902.000  1.273240e-04
1903.000  1.273240e-04
1904.000  1.273240e-04
1905.000  1.273240e-04
1906.000  1.273240e-04
1907.000  1.273240e-04
1908.000  1.273240e-04
1909.000  1.273240e-04
1910.000  1.273240e-04
1911.000  1.273240e-04
1912.000  1.273240e-04
1913.000  1.273240e-04
1914.000  1.273240e-04
1915.000  1.273240e-04
1916.000  1.273240e-04
1917.000  1.273240e-04
1918.000  1.273240e-04
1919.000  1.273240e-04
1920.000  1.273240e-04
1921.000  1.273240e-04
1922.000  1.273240e-04
1923.000  1.273240e-04
1924.000  1.273240e-04
1925.000  1.273240e-04
1926.000  1.273240e-04
1927.000  1.273240e-04
1928.000  1.273240e-04
1929.000  1.273240e-04
1930.000  1.273240e-04
1931.000  1.273240e-04
1932.000  1.273240e-04
1933.000  1.273240e-04
1934.000  1.273240e-04
1935.000  1.273240e-04
1936.000  1.273240e-04
1937.000  1.273240e-04
1938.000  1.273240e-04
1939.000  1.273240e-04
1940.000  1.273240e-04
1941.000  1.273240e-04
1942.000  1.273240e-04
1943.000  1.273240e-04
1944.000  1.273240e-04
1945.000  1.273240e-04
1946.000  1.273240e-04
1947.000  1.273240e-04
1948.000  1.273240e-04
1949.000  1.273240e-04
1950.000  1.273240e-04
1951.000  1.273240e-04
1952.000  1.273240e-04
1953.000  1.273240e-04
1954.000  1.273240e-04
1955.000  1.273240e-04
1956.000  1.273240e-04
1957.000  1.273240e-04
1958.000  1.273240e-04
1959.000  1.273240e-04
1960.000  1.273240e-04
1961.000  1.273240e-04
1962.000  1.273240e-04
1963.000  1.273240e-04
1964.000  1.273240e-04
1965.000  1.273240e-04
1966.000  1.273240e-04
1967.000  1.273240e-04
1968.000  1.273240e-04
1969.000  1.273240e-04
1970.000  1.273240e-04
1971.000  1.273240e-04
1972.000  1.273240e-04
1973.000  1.273240e-04
1974.000  1.273240e-04
1975.000  1.273240e-04
1976.000  1.273240e-04
1977.000  1.273240e-04
1978.000  1.273240e-04
1979.000  1.273240e-04
1980.000  1.273240e-04
1981.000  1.273240e-04
1982.000  1.273240e-04
1983.000  1.273240e-04
1984.000  1.273240e-04
1985.000  1.273240e-04
1986.000  1.273240e-04
1987.000  1.273240e-04
1988.000  1.273240e-04
1989.000  1.273240e-04
1990.000  1.273240e-04
1991.000  1.273240e-04
1992.000  1.273240e-04
1993.000  1.273240e-04
1994.000  1.273240e-04
1995.000  1.273240e-04
1996.000  1.273240e-04
1997.000  1.273240e-04
1998.000  1.273240e-04
1999.000  1.273240e-04
